<?xml version="1.0" encoding="UTF-8"?>
<testsuite name="test" tests="5" skipped="0" failures="0" errors="0" timestamp="2016-04-22T15:09:16" hostname="Justins-MacBook-Pro.local" time="0.006">
  <properties/>
  <testcase name="testInput_takesDoubleVowelInputAndReturnsDash_dash" classname="test" time="0.002"/>
  <testcase name="testFinal_takesAllVowelInputsOfDifferentCasesAndReturnsDash_dash" classname="test" time="0.0"/>
  <testcase name="testInput_takesAllVowelInputsAndReturnsDash_dash" classname="test" time="0.0"/>
  <testcase name="testInput_takesTwoDifferentVowelInputsAndReturnsDash_dash" classname="test" time="0.0"/>
  <testcase name="testInput_takesSingleVowelInputAndReturnsDash_dash" classname="test" time="0.001"/>
  <system-out><![CDATA[]]></system-out>
  <system-err><![CDATA[]]></system-err>
</testsuite>
