<?xml version="1.0" encoding="UTF-8"?>
<testsuite name="test" tests="2" skipped="0" failures="0" errors="0" timestamp="2016-04-22T05:02:39" hostname="Justins-MacBook-Pro.local" time="0.001">
  <properties/>
  <testcase name="test_takesSingleVowelInputAndReturnsDash_dash" classname="test" time="0.001"/>
  <testcase name="test_takesDoubleVowelInputAndReturnsDash_dash" classname="test" time="0.0"/>
  <system-out><![CDATA[-
-pp t-p
]]></system-out>
  <system-err><![CDATA[]]></system-err>
</testsuite>
