<?xml version="1.0" encoding="UTF-8"?>
<testsuite name="test" tests="6" skipped="0" failures="0" errors="0" timestamp="2016-04-22T18:07:55" hostname="Justins-MacBook-Pro.local" time="0.007">
  <properties/>
  <testcase name="userInput_takesAllVowelInputsAndReturnsDash_dash" classname="test" time="0.002"/>
  <testcase name="userInput_takesTwoDifferentVowelInputsAndReturnsDash_dash" classname="test" time="0.001"/>
  <testcase name="userInput_takesSingleVowelInputAndReturnsDash_dash" classname="test" time="0.0"/>
  <testcase name="userInput_takesAllVowelInputsOfDifferentCasesAndReturnsDash_dash" classname="test" time="0.0"/>
  <testcase name="userGuess_compareStringGuessWithStringInput_true" classname="test" time="0.001"/>
  <testcase name="userInput_takesDoubleVowelInputAndReturnsDash_dash" classname="test" time="0.0"/>
  <system-out><![CDATA[]]></system-out>
  <system-err><![CDATA[]]></system-err>
</testsuite>
